Information: Updating design information... (UID-85)
 
****************************************
Report : timing
        -path full
        -delay max
        -max_paths 1
Design : state_machine
Version: O-2018.06-SP1
Date   : Sun Apr  3 16:46:40 2022
****************************************

Operating Conditions: tt1p05v25c   Library: saed32rvt_tt1p05v25c
Wire Load Model Mode: enclosed

  Startpoint: pr_state_reg[0]
              (rising edge-triggered flip-flop clocked by clk)
  Endpoint: pr_state_reg[0]
            (rising edge-triggered flip-flop clocked by clk)
  Path Group: clk
  Path Type: max

  Des/Clust/Port     Wire Load Model       Library
  ------------------------------------------------
  state_machine      ForQA                 saed32rvt_tt1p05v25c

  Point                                    Incr       Path
  -----------------------------------------------------------
  clock clk (rise edge)                    0.00       0.00
  clock network delay (ideal)              0.00       0.00
  pr_state_reg[0]/CLK (DFFASX1_RVT)        0.00       0.00 r
  pr_state_reg[0]/QN (DFFASX1_RVT)         0.09       0.09 r
  U29/Y (AND2X1_RVT)                       0.06       0.14 r
  U28/Y (AND4X1_RVT)                       0.07       0.21 r
  U27/Y (NAND3X0_RVT)                      0.08       0.29 f
  U21/Y (NAND4X0_RVT)                      0.07       0.36 r
  U16/Y (OAI222X1_RVT)                     0.09       0.44 f
  pr_state_reg[0]/D (DFFASX1_RVT)          0.01       0.46 f
  data arrival time                                   0.46

  clock clk (rise edge)                  100.00     100.00
  clock network delay (ideal)              0.00     100.00
  clock uncertainty                       -1.00      99.00
  pr_state_reg[0]/CLK (DFFASX1_RVT)        0.00      99.00 r
  library setup time                      -0.03      98.97
  data required time                                 98.97
  -----------------------------------------------------------
  data required time                                 98.97
  data arrival time                                  -0.46
  -----------------------------------------------------------
  slack (MET)                                        98.52


1
