 
****************************************
Report : area
Design : state_machine
Version: O-2018.06-SP1
Date   : Sun Apr  3 16:46:40 2022
****************************************

Library(s) Used:

    saed32rvt_tt1p05v25c (File: /opt/ECE_Lib/SAED32_EDK/lib/stdcell_rvt/db_nldm/saed32rvt_tt1p05v25c.db)

Number of ports:                            6
Number of nets:                            49
Number of cells:                           37
Number of combinational cells:             29
Number of sequential cells:                 8
Number of macros/black boxes:               0
Number of buf/inv:                          8
Number of references:                      11

Combinational area:                 56.419969
Buf/Inv area:                       10.165760
Noncombinational area:              56.928257
Macro/Black Box area:                0.000000
Net Interconnect area:               9.578096

Total cell area:                   113.348226
Total area:                        122.926322
1
